<?xml version="1.0" encoding="UTF-8"?>
<!-- Generated by org.testng.reporters.JUnitReportReporter -->
<testsuite hostname="DESKTOP-9M4JE7O" name="com.NewProjectFeb02.com.TC017" tests="1" failures="0" timestamp="3 Feb 2020 07:07:39 GMT" time="1.268" errors="0">
  <testcase name="extentReports" time="1.268" classname="com.NewProjectFeb02.com.TC017"/>
</testsuite> <!-- com.NewProjectFeb02.com.TC017 -->
