<?xml version="1.0" encoding="UTF-8"?>
<!-- Generated by org.testng.reporters.JUnitReportReporter -->
<testsuite hostname="DESKTOP-9M4JE7O" failures="0" tests="1" name="com.NewProjectFeb02.com.TC007_LaunchAndLogOn" time="13.466" errors="0" timestamp="2020-02-03T17:53:28 CST" skipped="0">
  <testcase classname="com.NewProjectFeb02.com.TC007_LaunchAndLogOn" name="mainTest" time="13.466"/>
</testsuite> <!-- com.NewProjectFeb02.com.TC007_LaunchAndLogOn -->
