<?xml version="1.0" encoding="UTF-8"?>
<!-- Generated by org.testng.reporters.JUnitReportReporter -->
<testsuite hostname="DESKTOP-9M4JE7O" name="com.NewProjectFeb02.com.TC004_RestAPI" tests="3" failures="0" timestamp="2 Feb 2020 22:04:08 GMT" time="3.951" errors="0">
  <testcase name="restAPIPOSTRequest" time="3.464" classname="com.NewProjectFeb02.com.TC004_RestAPI"/>
  <testcase name="restAPIPOSTRequest" time="0.237" classname="com.NewProjectFeb02.com.TC004_RestAPI"/>
  <testcase name="restAPIPOSTRequest" time="0.250" classname="com.NewProjectFeb02.com.TC004_RestAPI"/>
</testsuite> <!-- com.NewProjectFeb02.com.TC004_RestAPI -->
