<?xml version="1.0" encoding="UTF-8"?>
<!-- Generated by org.testng.reporters.JUnitReportReporter -->
<testsuite hostname="DESKTOP-9M4JE7O" name="com.NewProjectFeb02.com.TC007_LaunchAndLogOn" tests="1" failures="0" timestamp="3 Feb 2020 21:23:33 GMT" time="13.625" errors="0">
  <testcase name="mainTest" time="13.625" classname="com.NewProjectFeb02.com.TC007_LaunchAndLogOn"/>
</testsuite> <!-- com.NewProjectFeb02.com.TC007_LaunchAndLogOn -->
